[ 2023-04-26 13:22:56,882 ] 12 root - INFO - Creating the paths for Train, Test and Raw files...
[ 2023-04-26 13:22:56,963 ] 24 root - INFO - Initiating the Data Ingestion Process
[ 2023-04-26 13:22:56,963 ] 27 root - INFO - Reading the Data from source...
[ 2023-04-26 13:22:57,160 ] 31 root - INFO - Performing the train test split...
[ 2023-04-26 13:22:57,189 ] 33 root - INFO - Train test data split is successful...
[ 2023-04-26 13:22:57,189 ] 35 root - INFO - Saving raw data , train data, test data
[ 2023-04-26 13:23:00,067 ] 39 root - INFO - Data Ingestion is complete.
[ 2023-04-26 13:23:00,075 ] 64 root - INFO - Data tranformation has been initiated..
[ 2023-04-26 13:23:00,075 ] 68 root - INFO - Reading the train and test data...
[ 2023-04-26 13:23:00,363 ] 78 root - INFO - X_train and y_train data is as following 
   carat        cut color clarity  depth  table     x     y     z
0   0.41      Ideal     E    VVS2   60.6   56.0  4.85  4.80  2.93
1   1.23  Very Good     H     VS1   59.9   59.0  6.91  7.01  4.19
2   1.70    Premium     H     VS2   62.0   58.0  7.61  7.66  4.74
3   0.33      Ideal     F    VVS1   61.2   56.0  4.47  4.44  2.73
4   0.33  Very Good     I     SI1   62.1   58.0  4.41  4.45  2.75,
 0     1181
1     7418
2    12755
3     1020
4      445
Name: price, dtype: int64
[ 2023-04-26 13:23:00,388 ] 80 root - INFO - X_test and y_test data is as following 
    carat        cut color clarity  depth  table     x     y     z
0   0.50      Ideal     D     SI1   62.1   57.0  5.05  5.08  3.14
1   2.00  Very Good     G     SI2   59.5   57.0  8.08  8.15  4.89
2   0.27    Premium     E    VVS1   60.5   59.0  4.19  4.16  2.52
3   0.32    Premium     I    VVS1   61.2   59.0  4.43  4.44  2.71
4   1.19      Ideal     H     SI1   62.5   56.0  6.77  6.81  4.23,
 0     1355
1    14691
2      844
3      707
4     5797
Name: price, dtype: int64
[ 2023-04-26 13:23:00,388 ] 82 root - INFO - Defining the Numerical and Categorical features
[ 2023-04-26 13:23:00,388 ] 87 root - INFO - Defining the rankings of categorical features
[ 2023-04-26 13:23:00,388 ] 24 root - INFO - Creating Pipeline Object...
[ 2023-04-26 13:23:00,388 ] 54 root - INFO - Pipeline object has been created successfully
[ 2023-04-26 13:23:00,388 ] 97 root - INFO - Applying the Pipeline on X_train and X_test data
[ 2023-04-26 13:23:00,810 ] 102 root - INFO - Creating a Numpy array for train data and test data for optimising model training
[ 2023-04-26 13:23:00,810 ] 107 root - INFO - Saving the Pipeline object to a Pickle file
[ 2023-04-26 13:23:00,810 ] 10 root - INFO - Saving the object in pickle file
[ 2023-04-26 13:23:00,810 ] 16 root - INFO - Object has been saved in pickle file
[ 2023-04-26 13:23:00,810 ] 110 root - INFO - Data Transformation is successful.
