[ 2023-04-26 17:04:21,247 ] 12 root - INFO - Creating the paths for Train, Test and Raw files...
[ 2023-04-26 17:04:21,343 ] 24 root - INFO - Initiating the Data Ingestion Process
[ 2023-04-26 17:04:21,343 ] 27 root - INFO - Reading the Data from source...
[ 2023-04-26 17:04:21,552 ] 31 root - INFO - Performing the train test split...
[ 2023-04-26 17:04:21,584 ] 33 root - INFO - Train test data split is successful...
[ 2023-04-26 17:04:21,584 ] 35 root - INFO - Saving raw data , train data, test data
[ 2023-04-26 17:04:24,333 ] 39 root - INFO - Data Ingestion is complete.
[ 2023-04-26 17:04:24,348 ] 64 root - INFO - Data tranformation has been initiated..
[ 2023-04-26 17:04:24,348 ] 68 root - INFO - Reading the train and test data...
[ 2023-04-26 17:04:24,593 ] 78 root - INFO - X_train and y_train data is as following 

    carat        cut color clarity  depth  table     x     y     z
0   0.41      Ideal     E    VVS2   60.6   56.0  4.85  4.80  2.93
1   1.23  Very Good     H     VS1   59.9   59.0  6.91  7.01  4.19
2   1.70    Premium     H     VS2   62.0   58.0  7.61  7.66  4.74
3   0.33      Ideal     F    VVS1   61.2   56.0  4.47  4.44  2.73
4   0.33  Very Good     I     SI1   62.1   58.0  4.41  4.45  2.75,

    price
0   1181
1   7418
2  12755
3   1020
4    445
[ 2023-04-26 17:04:24,609 ] 80 root - INFO - X_test and y_test data is as following 

    carat        cut color clarity  depth  table     x     y     z
0   0.50      Ideal     D     SI1   62.1   57.0  5.05  5.08  3.14
1   2.00  Very Good     G     SI2   59.5   57.0  8.08  8.15  4.89
2   0.27    Premium     E    VVS1   60.5   59.0  4.19  4.16  2.52
3   0.32    Premium     I    VVS1   61.2   59.0  4.43  4.44  2.71
4   1.19      Ideal     H     SI1   62.5   56.0  6.77  6.81  4.23,

    price
0   1355
1  14691
2    844
3    707
4   5797
[ 2023-04-26 17:04:24,609 ] 82 root - INFO - Defining the Numerical and Categorical features
[ 2023-04-26 17:04:24,609 ] 87 root - INFO - Defining the rankings of categorical features
[ 2023-04-26 17:04:24,609 ] 24 root - INFO - Creating Pipeline Object...
[ 2023-04-26 17:04:24,609 ] 54 root - INFO - Pipeline object has been created successfully
[ 2023-04-26 17:04:24,609 ] 97 root - INFO - Applying the Pipeline on X_train and X_test data
[ 2023-04-26 17:04:24,955 ] 102 root - INFO - Creating a Numpy array for train data and test data for optimising model training
[ 2023-04-26 17:04:24,963 ] 107 root - INFO - Saving the Pipeline object to a Pickle file
[ 2023-04-26 17:04:24,963 ] 12 root - INFO - Saving the object in pickle file
[ 2023-04-26 17:04:24,963 ] 18 root - INFO - Object has been saved in pickle file
[ 2023-04-26 17:04:24,963 ] 110 root - INFO - Data Transformation is successful.
[ 2023-04-26 17:04:24,963 ] 25 root - INFO - Model training is initiated...
[ 2023-04-26 17:04:24,963 ] 26 root - INFO - Splitting up the Training data array and testing data array into X_train,X_test,y_train,y_test
[ 2023-04-26 17:04:24,963 ] 34 root - INFO - Fitting the models on training data using evaluate function from utils...
[ 2023-04-26 17:04:24,971 ] 26 root - INFO - Fitting and Evaluating the models based on r2 score...
[ 2023-04-26 17:04:26,269 ] 46 root - INFO - Model evalution is successful
[ 2023-04-26 17:04:26,270 ] 48 root - INFO - Out of all models LinearRegression has a highest accuracy of 93.62906819996049 .
[ 2023-04-26 17:04:26,270 ] 44 root - INFO - R2 scores for all the models is as follows: 

 {'LinearRegression': 0.9362906819996049, 'Lasso regression': 0.9362869814082755, 'Ridge regression': 0.9362900967491632, 'ElasticNet Regression': 0.8544967219374031}
[ 2023-04-26 17:04:26,270 ] 12 root - INFO - Saving the object in pickle file
[ 2023-04-26 17:04:26,272 ] 18 root - INFO - Object has been saved in pickle file
[ 2023-04-26 17:04:26,272 ] 47 root - INFO - Model Training is Successful
